c:\users\leegeonwoo\dev\mcad\iplatform\source_3rd\irxsample\irxsample\build\temp\debug\x64\irxsample.pch
c:\users\leegeonwoo\dev\mcad\iplatform\source_3rd\irxsample\irxsample\build\temp\debug\x64\vc141.pdb
c:\users\leegeonwoo\dev\mcad\iplatform\source_3rd\irxsample\irxsample\build\temp\debug\x64\vc141.idb
c:\users\leegeonwoo\dev\mcad\iplatform\source_3rd\irxsample\irxsample\build\temp\debug\x64\pch.obj
c:\users\leegeonwoo\dev\mcad\iplatform\source_3rd\irxsample\irxsample\build\temp\debug\x64\irxsample.obj
c:\users\leegeonwoo\dev\mcad\iplatform\source_3rd\irxsample\irxsample\build\temp\debug\x64\samplemodule.obj
c:\users\leegeonwoo\dev\mcad\iplatform\source_3rd\irxsample\irxsample\build\temp\debug\x64\samplecmd.obj
c:\users\leegeonwoo\dev\mcad\iplatform\source_3rd\irxsample\irxsample\build\temp\debug\x64\localrc.obj
c:\users\leegeonwoo\dev\mcad\iplatform\source_3rd\irxsample\irxsample\build\bin\debug\x64\irxsample.lib
c:\users\leegeonwoo\dev\mcad\iplatform\source_3rd\irxsample\irxsample\build\bin\debug\x64\irxsample.exp
c:\users\leegeonwoo\dev\mcad\iplatform\source_3rd\irxsample\irxsample\build\bin\debug\x64\irxsample.irx
c:\users\leegeonwoo\dev\mcad\iplatform\source_3rd\irxsample\irxsample\build\bin\debug\x64\irxsample.ilk
c:\users\leegeonwoo\dev\mcad\iplatform\source_3rd\irxsample\irxsample\build\bin\debug\x64\irxsample.pdb
c:\users\leegeonwoo\dev\mcad\iplatform\source_3rd\irxsample\irxsample\build\temp\debug\x64\irxsample.res
c:\users\leegeonwoo\dev\mcad\iplatform\source_3rd\irxsample\irxsample\.\build\bin\debug\x64\irxsample.irx
c:\users\leegeonwoo\dev\mcad\iplatform\source_3rd\irxsample\irxsample\build\temp\debug\x64\irxsample.tlog\cl.command.1.tlog
c:\users\leegeonwoo\dev\mcad\iplatform\source_3rd\irxsample\irxsample\build\temp\debug\x64\irxsample.tlog\cl.read.1.tlog
c:\users\leegeonwoo\dev\mcad\iplatform\source_3rd\irxsample\irxsample\build\temp\debug\x64\irxsample.tlog\cl.write.1.tlog
c:\users\leegeonwoo\dev\mcad\iplatform\source_3rd\irxsample\irxsample\build\temp\debug\x64\irxsample.tlog\irxsample.write.1u.tlog
c:\users\leegeonwoo\dev\mcad\iplatform\source_3rd\irxsample\irxsample\build\temp\debug\x64\irxsample.tlog\link.command.1.tlog
c:\users\leegeonwoo\dev\mcad\iplatform\source_3rd\irxsample\irxsample\build\temp\debug\x64\irxsample.tlog\link.read.1.tlog
c:\users\leegeonwoo\dev\mcad\iplatform\source_3rd\irxsample\irxsample\build\temp\debug\x64\irxsample.tlog\link.write.1.tlog
c:\users\leegeonwoo\dev\mcad\iplatform\source_3rd\irxsample\irxsample\build\temp\debug\x64\irxsample.tlog\rc.command.1.tlog
c:\users\leegeonwoo\dev\mcad\iplatform\source_3rd\irxsample\irxsample\build\temp\debug\x64\irxsample.tlog\rc.read.1.tlog
c:\users\leegeonwoo\dev\mcad\iplatform\source_3rd\irxsample\irxsample\build\temp\debug\x64\irxsample.tlog\rc.write.1.tlog
